[1008/151729.917:INFO:CONSOLE(21172)] "THREE.WebGLRenderer 92", source: file:///C:/Program%20Files/AnyLogic%208.9%20Personal%20Learning%20Edition/plugins/com.anylogic.graphics3d_8.9.1.202408021042/static/build/three.js (21172)
[1008/151730.378:INFO:CONSOLE(3660)] "THREE.ColladaLoader: File version 1.4.0", source: file:///C:/Program%20Files/AnyLogic%208.9%20Personal%20Learning%20Edition/plugins/com.anylogic.graphics3d_8.9.1.202408021042/static/libs/ColladaLoader.js (3660)
[1008/151730.440:INFO:CONSOLE(255)] "Loaded: file:C:/Users/Usuario/Desktop/PROYECTO DE GRADO/PROYECTO ANYLOGIC/Modelo-simulacion-delitos-/3d/person.dae", source: file:///C:/Program%20Files/AnyLogic%208.9%20Personal%20Learning%20Edition/plugins/com.anylogic.graphics3d_8.9.1.202408021042/static/init.js (255)
[1008/151730.440:INFO:CONSOLE(271)] "load end: file:C:/Users/Usuario/Desktop/PROYECTO DE GRADO/PROYECTO ANYLOGIC/Modelo-simulacion-delitos-/3d/person.dae", source: file:///C:/Program%20Files/AnyLogic%208.9%20Personal%20Learning%20Edition/plugins/com.anylogic.graphics3d_8.9.1.202408021042/static/init.js (271)
[1008/151730.617:INFO:CONSOLE(3660)] "THREE.ColladaLoader: File version 1.4.0", source: file:///C:/Program%20Files/AnyLogic%208.9%20Personal%20Learning%20Edition/plugins/com.anylogic.graphics3d_8.9.1.202408021042/static/libs/ColladaLoader.js (3660)
[1008/151730.644:INFO:CONSOLE(255)] "Loaded: file:C:/Users/Usuario/Desktop/PROYECTO DE GRADO/PROYECTO ANYLOGIC/Modelo-simulacion-delitos-/3d/motorcycle.dae", source: file:///C:/Program%20Files/AnyLogic%208.9%20Personal%20Learning%20Edition/plugins/com.anylogic.graphics3d_8.9.1.202408021042/static/init.js (255)
[1008/151730.645:INFO:CONSOLE(271)] "load end: file:C:/Users/Usuario/Desktop/PROYECTO DE GRADO/PROYECTO ANYLOGIC/Modelo-simulacion-delitos-/3d/motorcycle.dae", source: file:///C:/Program%20Files/AnyLogic%208.9%20Personal%20Learning%20Edition/plugins/com.anylogic.graphics3d_8.9.1.202408021042/static/init.js (271)
[1008/151730.708:INFO:CONSOLE(3660)] "THREE.ColladaLoader: File version 1.4.0", source: file:///C:/Program%20Files/AnyLogic%208.9%20Personal%20Learning%20Edition/plugins/com.anylogic.graphics3d_8.9.1.202408021042/static/libs/ColladaLoader.js (3660)
[1008/151730.738:INFO:CONSOLE(255)] "Loaded: file:C:/Users/Usuario/Desktop/PROYECTO DE GRADO/PROYECTO ANYLOGIC/Modelo-simulacion-delitos-/3d/rider_position_2.dae", source: file:///C:/Program%20Files/AnyLogic%208.9%20Personal%20Learning%20Edition/plugins/com.anylogic.graphics3d_8.9.1.202408021042/static/init.js (255)
[1008/151730.738:INFO:CONSOLE(271)] "load end: file:C:/Users/Usuario/Desktop/PROYECTO DE GRADO/PROYECTO ANYLOGIC/Modelo-simulacion-delitos-/3d/rider_position_2.dae", source: file:///C:/Program%20Files/AnyLogic%208.9%20Personal%20Learning%20Edition/plugins/com.anylogic.graphics3d_8.9.1.202408021042/static/init.js (271)
[1008/151921.151:ERROR:gpu_init.cc(523)] Passthrough is not supported, GL is disabled, ANGLE is 
[1008/173126.175:INFO:CONSOLE(21172)] "THREE.WebGLRenderer 92", source: file:///C:/Program%20Files/AnyLogic%208.9%20Personal%20Learning%20Edition/plugins/com.anylogic.graphics3d_8.9.1.202408021042/static/build/three.js (21172)
[1008/173126.576:INFO:CONSOLE(3660)] "THREE.ColladaLoader: File version 1.4.0", source: file:///C:/Program%20Files/AnyLogic%208.9%20Personal%20Learning%20Edition/plugins/com.anylogic.graphics3d_8.9.1.202408021042/static/libs/ColladaLoader.js (3660)
[1008/173126.638:INFO:CONSOLE(255)] "Loaded: file:C:/Users/Usuario/Desktop/PROYECTO DE GRADO/PROYECTO ANYLOGIC/Modelo-simulacion-delitos-/3d/motorcycle.dae", source: file:///C:/Program%20Files/AnyLogic%208.9%20Personal%20Learning%20Edition/plugins/com.anylogic.graphics3d_8.9.1.202408021042/static/init.js (255)
[1008/173126.638:INFO:CONSOLE(271)] "load end: file:C:/Users/Usuario/Desktop/PROYECTO DE GRADO/PROYECTO ANYLOGIC/Modelo-simulacion-delitos-/3d/motorcycle.dae", source: file:///C:/Program%20Files/AnyLogic%208.9%20Personal%20Learning%20Edition/plugins/com.anylogic.graphics3d_8.9.1.202408021042/static/init.js (271)
[1008/173126.876:INFO:CONSOLE(3660)] "THREE.ColladaLoader: File version 1.4.0", source: file:///C:/Program%20Files/AnyLogic%208.9%20Personal%20Learning%20Edition/plugins/com.anylogic.graphics3d_8.9.1.202408021042/static/libs/ColladaLoader.js (3660)
[1008/173126.910:INFO:CONSOLE(255)] "Loaded: file:C:/Users/Usuario/Desktop/PROYECTO DE GRADO/PROYECTO ANYLOGIC/Modelo-simulacion-delitos-/3d/rider_position_2.dae", source: file:///C:/Program%20Files/AnyLogic%208.9%20Personal%20Learning%20Edition/plugins/com.anylogic.graphics3d_8.9.1.202408021042/static/init.js (255)
[1008/173126.910:INFO:CONSOLE(271)] "load end: file:C:/Users/Usuario/Desktop/PROYECTO DE GRADO/PROYECTO ANYLOGIC/Modelo-simulacion-delitos-/3d/rider_position_2.dae", source: file:///C:/Program%20Files/AnyLogic%208.9%20Personal%20Learning%20Edition/plugins/com.anylogic.graphics3d_8.9.1.202408021042/static/init.js (271)
[1008/173138.422:INFO:CONSOLE(3660)] "THREE.ColladaLoader: File version 1.4.0", source: file:///C:/Program%20Files/AnyLogic%208.9%20Personal%20Learning%20Edition/plugins/com.anylogic.graphics3d_8.9.1.202408021042/static/libs/ColladaLoader.js (3660)
[1008/173138.520:INFO:CONSOLE(255)] "Loaded: file:C:/Users/Usuario/Desktop/PROYECTO DE GRADO/PROYECTO ANYLOGIC/Modelo-simulacion-delitos-/3d/person.dae", source: file:///C:/Program%20Files/AnyLogic%208.9%20Personal%20Learning%20Edition/plugins/com.anylogic.graphics3d_8.9.1.202408021042/static/init.js (255)
[1008/173138.522:INFO:CONSOLE(271)] "load end: file:C:/Users/Usuario/Desktop/PROYECTO DE GRADO/PROYECTO ANYLOGIC/Modelo-simulacion-delitos-/3d/person.dae", source: file:///C:/Program%20Files/AnyLogic%208.9%20Personal%20Learning%20Edition/plugins/com.anylogic.graphics3d_8.9.1.202408021042/static/init.js (271)
[1008/181046.763:INFO:CONSOLE(21172)] "THREE.WebGLRenderer 92", source: file:///C:/Program%20Files/AnyLogic%208.9%20Personal%20Learning%20Edition/plugins/com.anylogic.graphics3d_8.9.1.202408021042/static/build/three.js (21172)
[1008/181047.471:INFO:CONSOLE(3660)] "THREE.ColladaLoader: File version 1.4.0", source: file:///C:/Program%20Files/AnyLogic%208.9%20Personal%20Learning%20Edition/plugins/com.anylogic.graphics3d_8.9.1.202408021042/static/libs/ColladaLoader.js (3660)
[1008/181047.504:INFO:CONSOLE(255)] "Loaded: file:C:/Users/Usuario/Desktop/PROYECTO DE GRADO/PROYECTO ANYLOGIC/Modelo-simulacion-delitos-/3d/person.dae", source: file:///C:/Program%20Files/AnyLogic%208.9%20Personal%20Learning%20Edition/plugins/com.anylogic.graphics3d_8.9.1.202408021042/static/init.js (255)
[1008/181047.505:INFO:CONSOLE(271)] "load end: file:C:/Users/Usuario/Desktop/PROYECTO DE GRADO/PROYECTO ANYLOGIC/Modelo-simulacion-delitos-/3d/person.dae", source: file:///C:/Program%20Files/AnyLogic%208.9%20Personal%20Learning%20Edition/plugins/com.anylogic.graphics3d_8.9.1.202408021042/static/init.js (271)
[1008/181053.828:INFO:CONSOLE(3660)] "THREE.ColladaLoader: File version 1.4.0", source: file:///C:/Program%20Files/AnyLogic%208.9%20Personal%20Learning%20Edition/plugins/com.anylogic.graphics3d_8.9.1.202408021042/static/libs/ColladaLoader.js (3660)
[1008/181053.852:INFO:CONSOLE(255)] "Loaded: file:C:/Users/Usuario/Desktop/PROYECTO DE GRADO/PROYECTO ANYLOGIC/Modelo-simulacion-delitos-/3d/motorcycle.dae", source: file:///C:/Program%20Files/AnyLogic%208.9%20Personal%20Learning%20Edition/plugins/com.anylogic.graphics3d_8.9.1.202408021042/static/init.js (255)
[1008/181053.853:INFO:CONSOLE(271)] "load end: file:C:/Users/Usuario/Desktop/PROYECTO DE GRADO/PROYECTO ANYLOGIC/Modelo-simulacion-delitos-/3d/motorcycle.dae", source: file:///C:/Program%20Files/AnyLogic%208.9%20Personal%20Learning%20Edition/plugins/com.anylogic.graphics3d_8.9.1.202408021042/static/init.js (271)
[1008/181053.940:INFO:CONSOLE(3660)] "THREE.ColladaLoader: File version 1.4.0", source: file:///C:/Program%20Files/AnyLogic%208.9%20Personal%20Learning%20Edition/plugins/com.anylogic.graphics3d_8.9.1.202408021042/static/libs/ColladaLoader.js (3660)
[1008/181053.977:INFO:CONSOLE(255)] "Loaded: file:C:/Users/Usuario/Desktop/PROYECTO DE GRADO/PROYECTO ANYLOGIC/Modelo-simulacion-delitos-/3d/rider_position_2.dae", source: file:///C:/Program%20Files/AnyLogic%208.9%20Personal%20Learning%20Edition/plugins/com.anylogic.graphics3d_8.9.1.202408021042/static/init.js (255)
[1008/181053.977:INFO:CONSOLE(271)] "load end: file:C:/Users/Usuario/Desktop/PROYECTO DE GRADO/PROYECTO ANYLOGIC/Modelo-simulacion-delitos-/3d/rider_position_2.dae", source: file:///C:/Program%20Files/AnyLogic%208.9%20Personal%20Learning%20Edition/plugins/com.anylogic.graphics3d_8.9.1.202408021042/static/init.js (271)
[1008/181233.524:INFO:CONSOLE(3660)] "THREE.ColladaLoader: File version 1.4.0", source: file:///C:/Program%20Files/AnyLogic%208.9%20Personal%20Learning%20Edition/plugins/com.anylogic.graphics3d_8.9.1.202408021042/static/libs/ColladaLoader.js (3660)
[1008/181233.533:INFO:CONSOLE(255)] "Loaded: file:C:/Users/Usuario/Desktop/PROYECTO DE GRADO/PROYECTO ANYLOGIC/Modelo-simulacion-delitos-/3d/car.dae", source: file:///C:/Program%20Files/AnyLogic%208.9%20Personal%20Learning%20Edition/plugins/com.anylogic.graphics3d_8.9.1.202408021042/static/init.js (255)
[1008/181233.535:INFO:CONSOLE(271)] "load end: file:C:/Users/Usuario/Desktop/PROYECTO DE GRADO/PROYECTO ANYLOGIC/Modelo-simulacion-delitos-/3d/car.dae", source: file:///C:/Program%20Files/AnyLogic%208.9%20Personal%20Learning%20Edition/plugins/com.anylogic.graphics3d_8.9.1.202408021042/static/init.js (271)
[1008/181245.087:ERROR:gpu_init.cc(523)] Passthrough is not supported, GL is disabled, ANGLE is 
[1008/212704.648:INFO:CONSOLE(21172)] "THREE.WebGLRenderer 92", source: file:///C:/Program%20Files/AnyLogic%208.9%20Personal%20Learning%20Edition/plugins/com.anylogic.graphics3d_8.9.1.202408021042/static/build/three.js (21172)
[1008/212705.639:INFO:CONSOLE(3660)] "THREE.ColladaLoader: File version 1.4.0", source: file:///C:/Program%20Files/AnyLogic%208.9%20Personal%20Learning%20Edition/plugins/com.anylogic.graphics3d_8.9.1.202408021042/static/libs/ColladaLoader.js (3660)
[1008/212705.791:INFO:CONSOLE(255)] "Loaded: file:C:/Users/Usuario/Models/Model2Bucaramanga/3d/motorcycle.dae", source: file:///C:/Program%20Files/AnyLogic%208.9%20Personal%20Learning%20Edition/plugins/com.anylogic.graphics3d_8.9.1.202408021042/static/init.js (255)
[1008/212705.791:INFO:CONSOLE(271)] "load end: file:C:/Users/Usuario/Models/Model2Bucaramanga/3d/motorcycle.dae", source: file:///C:/Program%20Files/AnyLogic%208.9%20Personal%20Learning%20Edition/plugins/com.anylogic.graphics3d_8.9.1.202408021042/static/init.js (271)
[1008/212706.095:INFO:CONSOLE(3660)] "THREE.ColladaLoader: File version 1.4.0", source: file:///C:/Program%20Files/AnyLogic%208.9%20Personal%20Learning%20Edition/plugins/com.anylogic.graphics3d_8.9.1.202408021042/static/libs/ColladaLoader.js (3660)
[1008/212706.146:INFO:CONSOLE(255)] "Loaded: file:C:/Users/Usuario/Models/Model2Bucaramanga/3d/rider_position_2.dae", source: file:///C:/Program%20Files/AnyLogic%208.9%20Personal%20Learning%20Edition/plugins/com.anylogic.graphics3d_8.9.1.202408021042/static/init.js (255)
[1008/212706.146:INFO:CONSOLE(271)] "load end: file:C:/Users/Usuario/Models/Model2Bucaramanga/3d/rider_position_2.dae", source: file:///C:/Program%20Files/AnyLogic%208.9%20Personal%20Learning%20Edition/plugins/com.anylogic.graphics3d_8.9.1.202408021042/static/init.js (271)
[1008/212706.220:INFO:CONSOLE(3660)] "THREE.ColladaLoader: File version 1.4.0", source: file:///C:/Program%20Files/AnyLogic%208.9%20Personal%20Learning%20Edition/plugins/com.anylogic.graphics3d_8.9.1.202408021042/static/libs/ColladaLoader.js (3660)
[1008/212706.232:INFO:CONSOLE(255)] "Loaded: file:C:/Users/Usuario/Models/Model2Bucaramanga/3d/car.dae", source: file:///C:/Program%20Files/AnyLogic%208.9%20Personal%20Learning%20Edition/plugins/com.anylogic.graphics3d_8.9.1.202408021042/static/init.js (255)
[1008/212706.232:INFO:CONSOLE(271)] "load end: file:C:/Users/Usuario/Models/Model2Bucaramanga/3d/car.dae", source: file:///C:/Program%20Files/AnyLogic%208.9%20Personal%20Learning%20Edition/plugins/com.anylogic.graphics3d_8.9.1.202408021042/static/init.js (271)
[1008/212857.282:ERROR:gpu_init.cc(523)] Passthrough is not supported, GL is disabled, ANGLE is 
[1016/152151.583:INFO:CONSOLE(21172)] "THREE.WebGLRenderer 92", source: file:///C:/Program%20Files/AnyLogic%208.9%20Personal%20Learning%20Edition/plugins/com.anylogic.graphics3d_8.9.1.202408021042/static/build/three.js (21172)
[1016/152152.404:INFO:CONSOLE(3660)] "THREE.ColladaLoader: File version 1.4.0", source: file:///C:/Program%20Files/AnyLogic%208.9%20Personal%20Learning%20Edition/plugins/com.anylogic.graphics3d_8.9.1.202408021042/static/libs/ColladaLoader.js (3660)
[1016/152152.435:INFO:CONSOLE(255)] "Loaded: file:C:/Users/Usuario/Desktop/PROYECTO DE GRADO/PROYECTO ANYLOGIC/Modelo-simulacion-delitos-/3d/car.dae", source: file:///C:/Program%20Files/AnyLogic%208.9%20Personal%20Learning%20Edition/plugins/com.anylogic.graphics3d_8.9.1.202408021042/static/init.js (255)
[1016/152152.435:INFO:CONSOLE(271)] "load end: file:C:/Users/Usuario/Desktop/PROYECTO DE GRADO/PROYECTO ANYLOGIC/Modelo-simulacion-delitos-/3d/car.dae", source: file:///C:/Program%20Files/AnyLogic%208.9%20Personal%20Learning%20Edition/plugins/com.anylogic.graphics3d_8.9.1.202408021042/static/init.js (271)
[1016/152250.415:WARNING:spdy_session.cc(3484)] Received HEADERS for invalid stream 5
[1016/152350.819:ERROR:gpu_init.cc(523)] Passthrough is not supported, GL is disabled, ANGLE is 
[1016/153307.006:INFO:CONSOLE(3660)] "THREE.ColladaLoader: File version 1.4.0", source: file:///C:/Program%20Files/AnyLogic%208.9%20Personal%20Learning%20Edition/plugins/com.anylogic.graphics3d_8.9.1.202408021042/static/libs/ColladaLoader.js (3660)
[1016/153307.021:INFO:CONSOLE(255)] "Loaded: file:C:/Users/Usuario/Desktop/PROYECTO DE GRADO/PROYECTO ANYLOGIC/Modelo-simulacion-delitos-/3d/motorcycle.dae", source: file:///C:/Program%20Files/AnyLogic%208.9%20Personal%20Learning%20Edition/plugins/com.anylogic.graphics3d_8.9.1.202408021042/static/init.js (255)
[1016/153307.021:INFO:CONSOLE(271)] "load end: file:C:/Users/Usuario/Desktop/PROYECTO DE GRADO/PROYECTO ANYLOGIC/Modelo-simulacion-delitos-/3d/motorcycle.dae", source: file:///C:/Program%20Files/AnyLogic%208.9%20Personal%20Learning%20Edition/plugins/com.anylogic.graphics3d_8.9.1.202408021042/static/init.js (271)
[1016/153307.095:INFO:CONSOLE(3660)] "THREE.ColladaLoader: File version 1.4.0", source: file:///C:/Program%20Files/AnyLogic%208.9%20Personal%20Learning%20Edition/plugins/com.anylogic.graphics3d_8.9.1.202408021042/static/libs/ColladaLoader.js (3660)
[1016/153307.126:INFO:CONSOLE(255)] "Loaded: file:C:/Users/Usuario/Desktop/PROYECTO DE GRADO/PROYECTO ANYLOGIC/Modelo-simulacion-delitos-/3d/rider_position_2.dae", source: file:///C:/Program%20Files/AnyLogic%208.9%20Personal%20Learning%20Edition/plugins/com.anylogic.graphics3d_8.9.1.202408021042/static/init.js (255)
[1016/153307.126:INFO:CONSOLE(271)] "load end: file:C:/Users/Usuario/Desktop/PROYECTO DE GRADO/PROYECTO ANYLOGIC/Modelo-simulacion-delitos-/3d/rider_position_2.dae", source: file:///C:/Program%20Files/AnyLogic%208.9%20Personal%20Learning%20Edition/plugins/com.anylogic.graphics3d_8.9.1.202408021042/static/init.js (271)
[1016/153348.251:INFO:CONSOLE(3660)] "THREE.ColladaLoader: File version 1.4.0", source: file:///C:/Program%20Files/AnyLogic%208.9%20Personal%20Learning%20Edition/plugins/com.anylogic.graphics3d_8.9.1.202408021042/static/libs/ColladaLoader.js (3660)
[1016/153348.281:INFO:CONSOLE(255)] "Loaded: file:C:/Users/Usuario/Desktop/PROYECTO DE GRADO/PROYECTO ANYLOGIC/Modelo-simulacion-delitos-/3d/person.dae", source: file:///C:/Program%20Files/AnyLogic%208.9%20Personal%20Learning%20Edition/plugins/com.anylogic.graphics3d_8.9.1.202408021042/static/init.js (255)
[1016/153348.281:INFO:CONSOLE(271)] "load end: file:C:/Users/Usuario/Desktop/PROYECTO DE GRADO/PROYECTO ANYLOGIC/Modelo-simulacion-delitos-/3d/person.dae", source: file:///C:/Program%20Files/AnyLogic%208.9%20Personal%20Learning%20Edition/plugins/com.anylogic.graphics3d_8.9.1.202408021042/static/init.js (271)
